<?xml version="1.0" encoding="UTF-8" standalone="no"?>
<!DOCTYPE log SYSTEM "logger.dtd">
<log>
<record>
  <date>2019-09-02T17:13:24.390-0300</date>
  <logger>CAIO JOSE DOS SANTOS ARRUDA</logger>
  <level>FINE</level>
  <message>File 118210844-CAIO JOSE DOS SANTOS ARRUDA.zip was received. It was sent by CAIO JOSE DOS SANTOS ARRUDA from IP 150.165.42.197 at 02-09-2019 17*13*24</message>
</record>
<<<<<<< HEAD
=======
</log>
<?xml version="1.0" encoding="UTF-8" standalone="no"?>
<!DOCTYPE log SYSTEM "logger.dtd">
<log>
<record>
  <date>2019-09-03T00:18:08.057-0300</date>
  <logger>CAIO JOSE DOS SANTOS ARRUDA</logger>
  <level>FINE</level>
  <message>File 118210844-CAIO JOSE DOS SANTOS ARRUDA.zip was received. It was sent by CAIO JOSE DOS SANTOS ARRUDA from IP 192.168.25.7 at 03-09-2019 00*18*08</message>
</record>
>>>>>>> 4dd9ca14c03b8ba19f179dfbedf0dc33066fc3fa
