<?xml version="1.0" encoding="UTF-8" standalone="no"?>
<!DOCTYPE log SYSTEM "logger.dtd">
<log>
<record>
  <date>2019-08-26T16:49:15.088-0300</date>
  <logger>CAIO JOSE DOS SANTOS ARRUDA</logger>
  <level>FINE</level>
  <message>File 118210844-CAIO JOSE DOS SANTOS ARRUDA.zip was received. It was sent by CAIO JOSE DOS SANTOS ARRUDA from IP 150.165.42.217 at 26-08-2019 16*49*15</message>
</record>
</log>
<?xml version="1.0" encoding="UTF-8" standalone="no"?>
<!DOCTYPE log SYSTEM "logger.dtd">
<log>
<record>
  <date>2019-08-26T17:48:29.292-0300</date>
  <logger>CAIO JOSE DOS SANTOS ARRUDA</logger>
  <level>FINE</level>
  <message>File 118210844-CAIO JOSE DOS SANTOS ARRUDA.zip was received. It was sent by CAIO JOSE DOS SANTOS ARRUDA from IP 150.165.42.217 at 26-08-2019 17*48*29</message>
</record>
</log>
<?xml version="1.0" encoding="UTF-8" standalone="no"?>
<!DOCTYPE log SYSTEM "logger.dtd">
<log>
<record>
  <date>2019-08-27T01:41:10.881-0300</date>
  <logger>CAIO JOSE DOS SANTOS ARRUDA</logger>
  <level>FINE</level>
  <message>File 118210844-CAIO JOSE DOS SANTOS ARRUDA.zip was received. It was sent by CAIO JOSE DOS SANTOS ARRUDA from IP 192.168.25.7 at 27-08-2019 01*41*10</message>
</record>
